{"C:\\Users\\danae\\app_a\\server.js": {"path":"C:\\Users\\danae\\app_a\\server.js","statementMap":{"0":{"start":{"line":1,"column":16},"end":{"line":1,"column":34}},"1":{"start":{"line":2,"column":12},"end":{"line":2,"column":21}},"2":{"start":{"line":3,"column":15},"end":{"line":3,"column":41}},"3":{"start":{"line":4,"column":17},"end":{"line":4,"column":36}},"4":{"start":{"line":5,"column":0},"end":{"line":5,"column":41}},"5":{"start":{"line":6,"column":11},"end":{"line":6,"column":30}},"6":{"start":{"line":7,"column":0},"end":{"line":7,"column":48}},"7":{"start":{"line":7,"column":26},"end":{"line":7,"column":46}},"8":{"start":{"line":8,"column":0},"end":{"line":8,"column":60}},"9":{"start":{"line":8,"column":22},"end":{"line":8,"column":58}},"10":{"start":{"line":11,"column":19},"end":{"line":11,"column":41}},"11":{"start":{"line":12,"column":0},"end":{"line":12,"column":27}},"12":{"start":{"line":13,"column":0},"end":{"line":13,"column":49}},"13":{"start":{"line":16,"column":0},"end":{"line":18,"column":3}},"14":{"start":{"line":17,"column":4},"end":{"line":17,"column":42}},"15":{"start":{"line":20,"column":19},"end":{"line":20,"column":53}},"16":{"start":{"line":21,"column":0},"end":{"line":21,"column":30}},"17":{"start":{"line":23,"column":0},"end":{"line":23,"column":21}}},"fnMap":{"0":{"name":"(anonymous_0)","decl":{"start":{"line":7,"column":15},"end":{"line":7,"column":16}},"loc":{"start":{"line":7,"column":26},"end":{"line":7,"column":46}},"line":7},"1":{"name":"(anonymous_1)","decl":{"start":{"line":8,"column":16},"end":{"line":8,"column":17}},"loc":{"start":{"line":8,"column":22},"end":{"line":8,"column":58}},"line":8},"2":{"name":"(anonymous_2)","decl":{"start":{"line":16,"column":13},"end":{"line":16,"column":14}},"loc":{"start":{"line":16,"column":27},"end":{"line":18,"column":1}},"line":16}},"branchMap":{},"s":{"0":1,"1":1,"2":1,"3":1,"4":1,"5":1,"6":1,"7":0,"8":1,"9":1,"10":1,"11":1,"12":1,"13":1,"14":0,"15":1,"16":1,"17":1},"f":{"0":0,"1":1,"2":0},"b":{},"_coverageSchema":"1a1c01bbd47fc00a2c39e90264f33305004495a9","hash":"7dca4b23108477883b075dfbf6bdb70b93029d39"}
,"C:\\Users\\danae\\app_a\\controllers\\posts_controller.js": {"path":"C:\\Users\\danae\\app_a\\controllers\\posts_controller.js","statementMap":{"0":{"start":{"line":1,"column":18},"end":{"line":1,"column":50}},"1":{"start":{"line":2,"column":20},"end":{"line":18,"column":1}},"2":{"start":{"line":3,"column":19},"end":{"line":3,"column":34}},"3":{"start":{"line":4,"column":4},"end":{"line":4,"column":24}},"4":{"start":{"line":5,"column":4},"end":{"line":16,"column":5}},"5":{"start":{"line":6,"column":6},"end":{"line":12,"column":7}},"6":{"start":{"line":7,"column":23},"end":{"line":7,"column":60}},"7":{"start":{"line":8,"column":9},"end":{"line":8,"column":25}},"8":{"start":{"line":10,"column":22},"end":{"line":10,"column":44}},"9":{"start":{"line":11,"column":8},"end":{"line":11,"column":24}},"10":{"start":{"line":15,"column":8},"end":{"line":15,"column":44}},"11":{"start":{"line":20,"column":20},"end":{"line":32,"column":3}},"12":{"start":{"line":21,"column":19},"end":{"line":21,"column":32}},"13":{"start":{"line":22,"column":4},"end":{"line":31,"column":5}},"14":{"start":{"line":23,"column":19},"end":{"line":23,"column":51}},"15":{"start":{"line":24,"column":6},"end":{"line":28,"column":7}},"16":{"start":{"line":25,"column":8},"end":{"line":25,"column":47}},"17":{"start":{"line":27,"column":8},"end":{"line":27,"column":42}},"18":{"start":{"line":30,"column":6},"end":{"line":30,"column":42}},"19":{"start":{"line":34,"column":19},"end":{"line":42,"column":1}},"20":{"start":{"line":35,"column":21},"end":{"line":35,"column":29}},"21":{"start":{"line":36,"column":4},"end":{"line":41,"column":5}},"22":{"start":{"line":37,"column":18},"end":{"line":37,"column":50}},"23":{"start":{"line":38,"column":5},"end":{"line":38,"column":32}},"24":{"start":{"line":40,"column":8},"end":{"line":40,"column":44}},"25":{"start":{"line":44,"column":19},"end":{"line":53,"column":1}},"26":{"start":{"line":45,"column":18},"end":{"line":45,"column":31}},"27":{"start":{"line":46,"column":3},"end":{"line":51,"column":4}},"28":{"start":{"line":47,"column":4},"end":{"line":47,"column":46}},"29":{"start":{"line":48,"column":4},"end":{"line":48,"column":27}},"30":{"start":{"line":50,"column":7},"end":{"line":50,"column":35}},"31":{"start":{"line":55,"column":0},"end":{"line":60,"column":2}}},"fnMap":{"0":{"name":"(anonymous_0)","decl":{"start":{"line":2,"column":20},"end":{"line":2,"column":21}},"loc":{"start":{"line":2,"column":38},"end":{"line":18,"column":1}},"line":2},"1":{"name":"(anonymous_1)","decl":{"start":{"line":20,"column":20},"end":{"line":20,"column":21}},"loc":{"start":{"line":20,"column":40},"end":{"line":32,"column":3}},"line":20},"2":{"name":"(anonymous_2)","decl":{"start":{"line":34,"column":19},"end":{"line":34,"column":20}},"loc":{"start":{"line":34,"column":37},"end":{"line":42,"column":1}},"line":34},"3":{"name":"(anonymous_3)","decl":{"start":{"line":44,"column":19},"end":{"line":44,"column":20}},"loc":{"start":{"line":44,"column":37},"end":{"line":53,"column":1}},"line":44}},"branchMap":{"0":{"loc":{"start":{"line":6,"column":6},"end":{"line":12,"column":7}},"type":"if","locations":[{"start":{"line":6,"column":6},"end":{"line":12,"column":7}},{"start":{"line":9,"column":13},"end":{"line":12,"column":7}}],"line":6},"1":{"loc":{"start":{"line":24,"column":6},"end":{"line":28,"column":7}},"type":"if","locations":[{"start":{"line":24,"column":6},"end":{"line":28,"column":7}},{"start":{"line":26,"column":13},"end":{"line":28,"column":7}}],"line":24}},"s":{"0":1,"1":1,"2":3,"3":3,"4":3,"5":3,"6":1,"7":1,"8":2,"9":2,"10":0,"11":1,"12":2,"13":2,"14":2,"15":2,"16":1,"17":1,"18":0,"19":1,"20":3,"21":3,"22":3,"23":2,"24":1,"25":1,"26":1,"27":1,"28":1,"29":1,"30":0,"31":1},"f":{"0":3,"1":2,"2":3,"3":1},"b":{"0":[1,2],"1":[1,1]},"_coverageSchema":"1a1c01bbd47fc00a2c39e90264f33305004495a9","hash":"13838666713e36ed5ef2f1e3915972e961b83b49"}
,"C:\\Users\\danae\\app_a\\models\\posts_model.js": {"path":"C:\\Users\\danae\\app_a\\models\\posts_model.js","statementMap":{"0":{"start":{"line":1,"column":17},"end":{"line":1,"column":36}},"1":{"start":{"line":3,"column":19},"end":{"line":13,"column":2}},"2":{"start":{"line":15,"column":18},"end":{"line":15,"column":52}},"3":{"start":{"line":17,"column":0},"end":{"line":17,"column":27}}},"fnMap":{},"branchMap":{},"s":{"0":1,"1":1,"2":1,"3":1},"f":{},"b":{},"_coverageSchema":"1a1c01bbd47fc00a2c39e90264f33305004495a9","hash":"c4ff96eff584cf412efdaaf0da5d55f7a678d293"}
,"C:\\Users\\danae\\app_a\\routers\\posts_routers.js": {"path":"C:\\Users\\danae\\app_a\\routers\\posts_routers.js","statementMap":{"0":{"start":{"line":1,"column":16},"end":{"line":1,"column":34}},"1":{"start":{"line":2,"column":15},"end":{"line":2,"column":31}},"2":{"start":{"line":3,"column":24},"end":{"line":3,"column":66}},"3":{"start":{"line":6,"column":0},"end":{"line":6,"column":45}},"4":{"start":{"line":9,"column":0},"end":{"line":9,"column":48}},"5":{"start":{"line":11,"column":0},"end":{"line":11,"column":46}},"6":{"start":{"line":13,"column":0},"end":{"line":13,"column":50}},"7":{"start":{"line":15,"column":0},"end":{"line":15,"column":22}}},"fnMap":{},"branchMap":{},"s":{"0":1,"1":1,"2":1,"3":1,"4":1,"5":1,"6":1,"7":1},"f":{},"b":{},"_coverageSchema":"1a1c01bbd47fc00a2c39e90264f33305004495a9","hash":"462ee555ca04321273a189f2934edc787fb6053b"}
}
